2025-05-23 13:08:49.667 | INFO     | utils_logger:<module>:41 - Logging to file: logs\project_log.log
2025-05-23 13:08:49.667 | INFO     | __main__:main:6 - ✅ Running main function successfully!
2025-05-23 13:23:22.912 | INFO     | utils_logger:<module>:41 - Logging to file: logs\project_log.log
2025-05-23 13:23:22.913 | INFO     | __main__:main:97 - Starting CSV fetch demonstration...
2025-05-23 13:23:22.913 | INFO     | __main__:fetch_csv_file:56 - Fetching CSV data from https://raw.githubusercontent.com/MainakRepositor/Datasets/master/World%20Happiness%20Data/2020.csv...
2025-05-23 13:23:23.073 | INFO     | __main__:write_csv_file:80 - Writing CSV data to example_data\2020_happiness.csv...
2025-05-23 13:23:23.075 | INFO     | __main__:write_csv_file:84 - SUCCESS: CSV data written to example_data\2020_happiness.csv
2025-05-23 13:23:23.076 | INFO     | __main__:fetch_csv_file:60 - SUCCESS: CSV file fetched and saved as 2020_happiness.csv
2025-05-23 13:26:48.145 | INFO     | utils_logger:<module>:41 - Logging to file: logs\project_log.log
2025-05-23 13:26:48.146 | INFO     | __main__:main:97 - Starting CSV fetch demonstration...
2025-05-23 13:26:48.146 | INFO     | __main__:fetch_csv_file:56 - Fetching CSV data from https://raw.githubusercontent.com/MainakRepositor/Datasets/master/World%20Happiness%20Data/2020.csv...
2025-05-23 13:26:48.192 | INFO     | __main__:write_csv_file:80 - Writing CSV data to example_data\2020_happiness.csv...
2025-05-23 13:26:48.194 | INFO     | __main__:write_csv_file:84 - SUCCESS: CSV data written to example_data\2020_happiness.csv
2025-05-23 13:26:48.194 | INFO     | __main__:fetch_csv_file:60 - SUCCESS: CSV file fetched and saved as 2020_happiness.csv
2025-05-23 13:36:48.949 | INFO     | utils_logger:<module>:41 - Logging to file: logs\project_log.log
2025-05-23 13:36:48.949 | INFO     | __main__:main:97 - Starting CSV fetch demonstration...
2025-05-23 13:36:48.949 | INFO     | __main__:fetch_csv_file:56 - Fetching CSV data from https://raw.githubusercontent.com/MainakRepositor/Datasets/master/World%20Happiness%20Data/2020.csv...
2025-05-23 13:36:49.077 | INFO     | __main__:write_csv_file:80 - Writing CSV data to example_data\2020_happiness.csv...
2025-05-23 13:36:49.078 | INFO     | __main__:write_csv_file:84 - SUCCESS: CSV data written to example_data\2020_happiness.csv
2025-05-23 13:36:49.078 | INFO     | __main__:fetch_csv_file:60 - SUCCESS: CSV file fetched and saved as 2020_happiness.csv
2025-05-23 13:40:28.414 | INFO     | utils_logger:<module>:41 - Logging to file: logs\project_log.log
2025-05-23 13:40:30.685 | INFO     | __main__:analyze_csv:104 - 📊 Reading CSV for analysis: example_data/2020_happiness.csv
2025-05-23 13:40:30.700 | INFO     | __main__:analyze_csv:107 - ✅ Columns: ['Country name', 'Regional indicator', 'Ladder score', 'Standard error of ladder score', 'upperwhisker', 'lowerwhisker', 'Logged GDP per capita', 'Social support', 'Healthy life expectancy', 'Freedom to make life choices', 'Generosity', 'Perceptions of corruption', 'Ladder score in Dystopia', 'Explained by: Log GDP per capita', 'Explained by: Social support', 'Explained by: Healthy life expectancy', 'Explained by: Freedom to make life choices', 'Explained by: Generosity', 'Explained by: Perceptions of corruption', 'Dystopia + residual']
2025-05-23 13:40:30.700 | INFO     | __main__:analyze_csv:108 - ✅ Number of rows: 153
2025-05-23 13:40:30.704 | WARNING  | __main__:analyze_csv:114 - ⚠️ 'Score' column not found for analysis.
2025-05-23 13:40:30.704 | INFO     | __main__:main:97 - Starting CSV fetch demonstration...
2025-05-23 13:40:30.704 | INFO     | __main__:fetch_csv_file:56 - Fetching CSV data from https://raw.githubusercontent.com/MainakRepositor/Datasets/master/World%20Happiness%20Data/2020.csv...
2025-05-23 13:40:30.746 | INFO     | __main__:write_csv_file:80 - Writing CSV data to example_data\2020_happiness.csv...
2025-05-23 13:40:30.748 | INFO     | __main__:write_csv_file:84 - SUCCESS: CSV data written to example_data\2020_happiness.csv
2025-05-23 13:40:30.748 | INFO     | __main__:fetch_csv_file:60 - SUCCESS: CSV file fetched and saved as 2020_happiness.csv
2025-05-23 13:43:13.426 | INFO     | utils_logger:<module>:41 - Logging to file: logs\project_log.log
2025-05-23 13:43:13.426 | INFO     | __main__:main:97 - Starting Excel fetch demonstration...
2025-05-23 13:43:13.427 | INFO     | __main__:fetch_excel_file:56 - Fetching Excel data from https://raw.githubusercontent.com/denisecase/datafun-03-analytics/main/hosted/Feedback.xlsx...
2025-05-23 13:43:13.559 | INFO     | __main__:write_excel_file:80 - Writing Excel data to example_data\Feedback.xlsx...
2025-05-23 13:43:13.560 | INFO     | __main__:write_excel_file:84 - SUCCESS: Excel data written to example_data\Feedback.xlsx
2025-05-23 13:43:13.560 | INFO     | __main__:fetch_excel_file:60 - SUCCESS: Excel file fetched and saved as Feedback.xlsx
2025-05-23 13:44:51.548 | INFO     | utils_logger:<module>:41 - Logging to file: logs\project_log.log
2025-05-23 13:44:51.548 | INFO     | __main__:main:97 - Starting Excel fetch demonstration...
2025-05-23 13:44:51.549 | INFO     | __main__:fetch_excel_file:56 - Fetching Excel data from https://raw.githubusercontent.com/denisecase/datafun-03-analytics/main/hosted/Feedback.xlsx...
2025-05-23 13:44:51.588 | INFO     | __main__:write_excel_file:80 - Writing Excel data to example_data\Feedback.xlsx...
2025-05-23 13:44:51.589 | INFO     | __main__:write_excel_file:84 - SUCCESS: Excel data written to example_data\Feedback.xlsx
2025-05-23 13:44:51.589 | INFO     | __main__:fetch_excel_file:60 - SUCCESS: Excel file fetched and saved as Feedback.xlsx
2025-05-23 13:44:55.851 | INFO     | utils_logger:<module>:41 - Logging to file: logs\project_log.log
2025-05-23 13:44:55.852 | INFO     | __main__:analyze_excel:90 - 📊 Reading Excel for analysis: example_data/Feedback.xlsx
2025-05-23 13:44:55.852 | ERROR    | __main__:analyze_excel:104 - ❌ Error reading Excel file: name 'pd' is not defined
2025-05-23 13:44:55.853 | INFO     | __main__:main:116 - Starting Excel fetch demonstration...
2025-05-23 13:44:55.853 | INFO     | __main__:fetch_excel_file:56 - Fetching Excel data from https://raw.githubusercontent.com/denisecase/datafun-03-analytics/main/hosted/Feedback.xlsx...
2025-05-23 13:44:55.894 | INFO     | __main__:write_excel_file:80 - Writing Excel data to example_data\Feedback.xlsx...
2025-05-23 13:44:55.896 | INFO     | __main__:write_excel_file:84 - SUCCESS: Excel data written to example_data\Feedback.xlsx
2025-05-23 13:44:55.898 | INFO     | __main__:fetch_excel_file:60 - SUCCESS: Excel file fetched and saved as Feedback.xlsx
2025-05-23 13:45:49.129 | INFO     | utils_logger:<module>:41 - Logging to file: logs\project_log.log
2025-05-23 13:45:49.129 | INFO     | __main__:analyze_excel:91 - 📊 Reading Excel for analysis: example_data/Feedback.xlsx
2025-05-23 13:45:49.505 | INFO     | __main__:analyze_excel:95 - ✅ Columns: ['I prefer to submit coding projects via ___.\nPlease check all that apply.', 'Please tell us your favorite option - and why you prefer this approach.', 'I like to submit coding assignments ___.\nPlease choose your favorite.', 'Please tell us why you choose the answer above.', 'Thinking of this course (and any others), what things did you especially like or find useful (that should be continued)?', 'Thinking of this course (and any others), what recommendations do you have to make the courses more effective?']
2025-05-23 13:45:49.506 | INFO     | __main__:analyze_excel:96 - ✅ Number of rows: 27
2025-05-23 13:45:49.506 | WARNING  | __main__:analyze_excel:103 - ⚠️ Column 'Rating' not found.
2025-05-23 13:45:49.506 | INFO     | __main__:main:117 - Starting Excel fetch demonstration...
2025-05-23 13:45:49.506 | INFO     | __main__:fetch_excel_file:57 - Fetching Excel data from https://raw.githubusercontent.com/denisecase/datafun-03-analytics/main/hosted/Feedback.xlsx...
2025-05-23 13:45:49.555 | INFO     | __main__:write_excel_file:81 - Writing Excel data to example_data\Feedback.xlsx...
2025-05-23 13:45:49.556 | INFO     | __main__:write_excel_file:85 - SUCCESS: Excel data written to example_data\Feedback.xlsx
2025-05-23 13:45:49.556 | INFO     | __main__:fetch_excel_file:61 - SUCCESS: Excel file fetched and saved as Feedback.xlsx
2025-05-23 13:46:00.875 | INFO     | utils_logger:<module>:41 - Logging to file: logs\project_log.log
2025-05-23 13:46:00.875 | INFO     | __main__:analyze_excel:91 - 📊 Reading Excel for analysis: example_data/Feedback.xlsx
2025-05-23 13:46:00.884 | ERROR    | __main__:analyze_excel:105 - ❌ Error reading Excel file: Missing optional dependency 'openpyxl'.  Use pip or conda to install openpyxl.
2025-05-23 13:46:00.884 | INFO     | __main__:main:117 - Starting Excel fetch demonstration...
2025-05-23 13:46:00.885 | INFO     | __main__:fetch_excel_file:57 - Fetching Excel data from https://raw.githubusercontent.com/denisecase/datafun-03-analytics/main/hosted/Feedback.xlsx...
2025-05-23 13:46:00.921 | INFO     | __main__:write_excel_file:81 - Writing Excel data to example_data\Feedback.xlsx...
2025-05-23 13:46:00.922 | INFO     | __main__:write_excel_file:85 - SUCCESS: Excel data written to example_data\Feedback.xlsx
2025-05-23 13:46:00.922 | INFO     | __main__:fetch_excel_file:61 - SUCCESS: Excel file fetched and saved as Feedback.xlsx
2025-05-23 13:47:12.095 | INFO     | utils_logger:<module>:41 - Logging to file: logs\project_log.log
2025-05-23 13:47:12.095 | INFO     | __main__:analyze_excel:91 - 📊 Reading Excel for analysis: example_data/Feedback.xlsx
2025-05-23 13:47:12.340 | INFO     | __main__:analyze_excel:95 - ✅ Columns: ['I prefer to submit coding projects via ___.\nPlease check all that apply.', 'Please tell us your favorite option - and why you prefer this approach.', 'I like to submit coding assignments ___.\nPlease choose your favorite.', 'Please tell us why you choose the answer above.', 'Thinking of this course (and any others), what things did you especially like or find useful (that should be continued)?', 'Thinking of this course (and any others), what recommendations do you have to make the courses more effective?']
2025-05-23 13:47:12.340 | INFO     | __main__:analyze_excel:96 - ✅ Number of rows: 27
2025-05-23 13:47:12.343 | WARNING  | __main__:analyze_excel:103 - ⚠️ Column 'Rating' not found.
2025-05-23 13:47:12.343 | INFO     | __main__:main:117 - Starting Excel fetch demonstration...
2025-05-23 13:47:12.343 | INFO     | __main__:fetch_excel_file:57 - Fetching Excel data from https://raw.githubusercontent.com/denisecase/datafun-03-analytics/main/hosted/Feedback.xlsx...
2025-05-23 13:47:12.383 | INFO     | __main__:write_excel_file:81 - Writing Excel data to example_data\Feedback.xlsx...
2025-05-23 13:47:12.384 | INFO     | __main__:write_excel_file:85 - SUCCESS: Excel data written to example_data\Feedback.xlsx
2025-05-23 13:47:12.384 | INFO     | __main__:fetch_excel_file:61 - SUCCESS: Excel file fetched and saved as Feedback.xlsx
2025-05-23 13:48:39.429 | INFO     | utils_logger:<module>:41 - Logging to file: logs\project_log.log
2025-05-23 13:48:39.430 | INFO     | __main__:main:98 - Starting JSON fetch demonstration...
2025-05-23 13:48:39.430 | INFO     | __main__:fetch_json_file:57 - Fetching JSON data from http://api.open-notify.org/astros.json...
2025-05-23 13:48:39.593 | INFO     | __main__:write_json_file:81 - Writing JSON data to example_data\astros.json...
2025-05-23 13:48:39.594 | INFO     | __main__:write_json_file:85 - SUCCESS: JSON data written to example_data\astros.json
2025-05-23 13:48:39.595 | INFO     | __main__:fetch_json_file:61 - SUCCESS: JSON file fetched and saved as astros.json
2025-05-23 13:52:51.811 | INFO     | utils_logger:<module>:41 - Logging to file: logs\project_log.log
2025-05-23 13:52:51.811 | INFO     | __main__:main:97 - Starting text fetch demonstration...
2025-05-23 13:52:51.812 | INFO     | __main__:fetch_txt_file:56 - Fetching text data from https://raw.githubusercontent.com/denisecase/datafun-03-analytics/main/hosted/romeo.txt...
2025-05-23 13:52:51.958 | INFO     | __main__:write_txt_file:80 - Writing data to example_data\romeo.txt...
2025-05-23 13:52:51.960 | INFO     | __main__:write_txt_file:84 - SUCCESS: Data written to example_data\romeo.txt
2025-05-23 13:52:51.961 | INFO     | __main__:fetch_txt_file:60 - SUCCESS: Text file fetched and saved as romeo.txt
2025-05-23 13:53:18.685 | INFO     | utils_logger:<module>:41 - Logging to file: logs\project_log.log
2025-05-23 13:53:18.685 | INFO     | __main__:main:97 - Starting text fetch demonstration...
2025-05-23 13:53:18.686 | INFO     | __main__:fetch_txt_file:56 - Fetching text data from https://raw.githubusercontent.com/denisecase/datafun-03-analytics/main/hosted/romeo.txt...
2025-05-23 13:53:19.065 | INFO     | __main__:write_txt_file:80 - Writing data to example_data\romeo.txt...
2025-05-23 13:53:19.068 | INFO     | __main__:write_txt_file:84 - SUCCESS: Data written to example_data\romeo.txt
2025-05-23 13:53:19.068 | INFO     | __main__:fetch_txt_file:60 - SUCCESS: Text file fetched and saved as romeo.txt
2025-05-23 19:49:00.537 | INFO     | utils_logger:<module>:41 - Logging to file: logs\project_log.log
2025-05-23 19:49:00.537 | INFO     | __main__:main:98 - Starting JSON fetch demonstration...
2025-05-23 19:49:00.537 | INFO     | __main__:fetch_json_file:57 - Fetching JSON data from http://api.open-notify.org/astros.json...
2025-05-23 19:49:00.704 | INFO     | __main__:write_json_file:81 - Writing JSON data to example_data\astros.json...
2025-05-23 19:49:00.705 | INFO     | __main__:write_json_file:85 - SUCCESS: JSON data written to example_data\astros.json
2025-05-23 19:49:00.705 | INFO     | __main__:fetch_json_file:61 - SUCCESS: JSON file fetched and saved as astros.json
2025-05-23 19:49:05.506 | INFO     | utils_logger:<module>:41 - Logging to file: logs\project_log.log
2025-05-23 19:49:05.506 | INFO     | __main__:main:97 - Starting Excel fetch demonstration...
2025-05-23 19:49:05.507 | INFO     | __main__:fetch_excel_file:56 - Fetching Excel data from https://raw.githubusercontent.com/denisecase/datafun-03-analytics/main/hosted/Feedback.xlsx...
2025-05-23 19:49:05.663 | INFO     | __main__:write_excel_file:80 - Writing Excel data to example_data\Feedback.xlsx...
2025-05-23 19:49:05.664 | INFO     | __main__:write_excel_file:84 - SUCCESS: Excel data written to example_data\Feedback.xlsx
2025-05-23 19:49:05.664 | INFO     | __main__:fetch_excel_file:60 - SUCCESS: Excel file fetched and saved as Feedback.xlsx
2025-05-23 19:49:12.984 | INFO     | utils_logger:<module>:41 - Logging to file: logs\project_log.log
2025-05-23 19:49:12.984 | INFO     | __main__:main:97 - Starting CSV fetch demonstration...
2025-05-23 19:49:12.984 | INFO     | __main__:fetch_csv_file:56 - Fetching CSV data from https://raw.githubusercontent.com/MainakRepositor/Datasets/master/World%20Happiness%20Data/2020.csv...
2025-05-23 19:49:13.137 | INFO     | __main__:write_csv_file:80 - Writing CSV data to example_data\2020_happiness.csv...
2025-05-23 19:49:13.139 | INFO     | __main__:write_csv_file:84 - SUCCESS: CSV data written to example_data\2020_happiness.csv
2025-05-23 19:49:13.139 | INFO     | __main__:fetch_csv_file:60 - SUCCESS: CSV file fetched and saved as 2020_happiness.csv
2025-05-23 19:49:17.670 | INFO     | utils_logger:<module>:41 - Logging to file: logs\project_log.log
2025-05-23 19:49:17.670 | INFO     | __main__:main:97 - Starting text fetch demonstration...
2025-05-23 19:49:17.670 | INFO     | __main__:fetch_txt_file:56 - Fetching text data from https://raw.githubusercontent.com/denisecase/datafun-03-analytics/main/hosted/romeo.txt...
2025-05-23 19:49:17.828 | INFO     | __main__:write_txt_file:80 - Writing data to example_data\romeo.txt...
2025-05-23 19:49:17.830 | INFO     | __main__:write_txt_file:84 - SUCCESS: Data written to example_data\romeo.txt
2025-05-23 19:49:17.830 | INFO     | __main__:fetch_txt_file:60 - SUCCESS: Text file fetched and saved as romeo.txt
2025-05-23 20:21:13.346 | INFO     | utils_logger:<module>:41 - Logging to file: logs\project_log.log
2025-05-23 20:21:13.346 | INFO     | __main__:main:97 - Starting CSV fetch demonstration...
2025-05-23 20:21:13.346 | INFO     | __main__:fetch_csv_file:56 - Fetching CSV data from https://raw.githubusercontent.com/MainakRepositor/Datasets/master/World%20Happiness%20Data/2020.csv...
2025-05-23 20:21:13.499 | INFO     | __main__:write_csv_file:80 - Writing CSV data to example_data\2020_happiness.csv...
2025-05-23 20:21:13.500 | INFO     | __main__:write_csv_file:84 - SUCCESS: CSV data written to example_data\2020_happiness.csv
2025-05-23 20:21:13.500 | INFO     | __main__:fetch_csv_file:60 - SUCCESS: CSV file fetched and saved as 2020_happiness.csv
2025-05-23 20:24:02.305 | INFO     | utils_logger:<module>:41 - Logging to file: logs\project_log.log
2025-05-23 20:24:02.305 | INFO     | __main__:main:97 - Starting Excel fetch demonstration...
2025-05-23 20:24:02.305 | INFO     | __main__:fetch_excel_file:56 - Fetching Excel data from https://raw.githubusercontent.com/denisecase/datafun-03-analytics/main/hosted/Feedback.xlsx...
2025-05-23 20:24:02.425 | INFO     | __main__:write_excel_file:80 - Writing Excel data to example_data\Feedback.xlsx...
2025-05-23 20:24:02.426 | INFO     | __main__:write_excel_file:84 - SUCCESS: Excel data written to example_data\Feedback.xlsx
2025-05-23 20:24:02.426 | INFO     | __main__:fetch_excel_file:60 - SUCCESS: Excel file fetched and saved as Feedback.xlsx
2025-05-23 20:26:32.544 | INFO     | utils_logger:<module>:41 - Logging to file: logs\project_log.log
2025-05-23 20:26:32.544 | INFO     | __main__:main:98 - Starting JSON fetch demonstration...
2025-05-23 20:26:32.545 | INFO     | __main__:fetch_json_file:57 - Fetching JSON data from http://api.open-notify.org/astros.json...
2025-05-23 20:26:33.717 | INFO     | __main__:write_json_file:81 - Writing JSON data to example_data\astros.json...
2025-05-23 20:26:33.718 | INFO     | __main__:write_json_file:85 - SUCCESS: JSON data written to example_data\astros.json
2025-05-23 20:26:33.718 | INFO     | __main__:fetch_json_file:61 - SUCCESS: JSON file fetched and saved as astros.json
2025-05-23 20:28:45.601 | INFO     | utils_logger:<module>:41 - Logging to file: logs\project_log.log
2025-05-23 20:28:45.601 | INFO     | __main__:main:97 - Starting text fetch demonstration...
2025-05-23 20:28:45.601 | INFO     | __main__:fetch_txt_file:56 - Fetching text data from https://raw.githubusercontent.com/denisecase/datafun-03-analytics/main/hosted/romeo.txt...
2025-05-23 20:28:45.731 | INFO     | __main__:write_txt_file:80 - Writing data to example_data\romeo.txt...
2025-05-23 20:28:45.733 | INFO     | __main__:write_txt_file:84 - SUCCESS: Data written to example_data\romeo.txt
2025-05-23 20:28:45.733 | INFO     | __main__:fetch_txt_file:60 - SUCCESS: Text file fetched and saved as romeo.txt
2025-05-23 20:51:07.366 | INFO     | utils_logger:<module>:41 - Logging to file: logs\project_log.log
2025-05-23 20:51:07.366 | INFO     | __main__:main:97 - Starting CSV fetch demonstration...
2025-05-23 20:51:07.367 | INFO     | __main__:fetch_csv_file:56 - Fetching CSV data from https://raw.githubusercontent.com/MainakRepositor/Datasets/master/World%20Happiness%20Data/2020.csv...
2025-05-23 20:51:07.538 | INFO     | __main__:write_csv_file:80 - Writing CSV data to example_data\2020_happiness.csv...
2025-05-23 20:51:07.539 | INFO     | __main__:write_csv_file:84 - SUCCESS: CSV data written to example_data\2020_happiness.csv
2025-05-23 20:51:07.540 | INFO     | __main__:fetch_csv_file:60 - SUCCESS: CSV file fetched and saved as 2020_happiness.csv
2025-05-23 20:51:08.112 | INFO     | utils_logger:<module>:41 - Logging to file: logs\project_log.log
2025-05-23 20:51:08.113 | INFO     | __main__:main:97 - Starting Excel fetch demonstration...
2025-05-23 20:51:08.113 | INFO     | __main__:fetch_excel_file:56 - Fetching Excel data from https://raw.githubusercontent.com/denisecase/datafun-03-analytics/main/hosted/Feedback.xlsx...
2025-05-23 20:51:08.231 | INFO     | __main__:write_excel_file:80 - Writing Excel data to example_data\Feedback.xlsx...
2025-05-23 20:51:08.232 | INFO     | __main__:write_excel_file:84 - SUCCESS: Excel data written to example_data\Feedback.xlsx
2025-05-23 20:51:08.233 | INFO     | __main__:fetch_excel_file:60 - SUCCESS: Excel file fetched and saved as Feedback.xlsx
2025-05-23 20:51:08.852 | INFO     | utils_logger:<module>:41 - Logging to file: logs\project_log.log
2025-05-23 20:51:08.852 | INFO     | __main__:main:98 - Starting JSON fetch demonstration...
2025-05-23 20:51:08.852 | INFO     | __main__:fetch_json_file:57 - Fetching JSON data from http://api.open-notify.org/astros.json...
2025-05-23 20:51:09.030 | INFO     | __main__:write_json_file:81 - Writing JSON data to example_data\astros.json...
2025-05-23 20:51:09.031 | INFO     | __main__:write_json_file:85 - SUCCESS: JSON data written to example_data\astros.json
2025-05-23 20:51:09.031 | INFO     | __main__:fetch_json_file:61 - SUCCESS: JSON file fetched and saved as astros.json
2025-05-23 20:51:09.600 | INFO     | utils_logger:<module>:41 - Logging to file: logs\project_log.log
2025-05-23 20:51:09.600 | INFO     | __main__:main:97 - Starting text fetch demonstration...
2025-05-23 20:51:09.600 | INFO     | __main__:fetch_txt_file:56 - Fetching text data from https://raw.githubusercontent.com/denisecase/datafun-03-analytics/main/hosted/romeo.txt...
2025-05-23 20:51:09.729 | INFO     | __main__:write_txt_file:80 - Writing data to example_data\romeo.txt...
2025-05-23 20:51:09.731 | INFO     | __main__:write_txt_file:84 - SUCCESS: Data written to example_data\romeo.txt
2025-05-23 20:51:09.731 | INFO     | __main__:fetch_txt_file:60 - SUCCESS: Text file fetched and saved as romeo.txt
2025-05-23 20:59:12.278 | INFO     | utils_logger:<module>:41 - Logging to file: logs\project_log.log
2025-05-23 20:59:12.278 | INFO     | __main__:<module>:97 - Starting CSV processing...
2025-05-23 20:59:12.288 | INFO     | __main__:process_csv_file:90 - Processed CSV file: example_data\2020_happiness.csv, Statistics saved to: example_processed\happiness_ladder_score_stats.txt
2025-05-23 20:59:12.289 | INFO     | __main__:<module>:99 - CSV processing complete.
2025-05-23 21:00:34.735 | INFO     | utils_logger:<module>:41 - Logging to file: logs\project_log.log
2025-05-23 21:00:34.735 | INFO     | __main__:<module>:118 - Starting JSON processing...
2025-05-23 21:00:34.742 | INFO     | __main__:process_json_file:111 - Processed JSON file: example_data\astros.json, Results saved to: example_processed\json_astronauts_by_craft.txt
2025-05-23 21:00:34.743 | INFO     | __main__:<module>:120 - JSON processing complete.
2025-05-23 21:01:09.058 | INFO     | utils_logger:<module>:41 - Logging to file: logs\project_log.log
2025-05-23 21:01:09.058 | INFO     | __main__:<module>:72 - Starting text processing...
2025-05-23 21:01:09.075 | INFO     | __main__:process_text_file:65 - Processed text file: example_data\romeo.txt, Word count saved to: example_processed\text_romeo_word_count.txt
2025-05-23 21:01:09.076 | INFO     | __main__:<module>:74 - Text processing complete.
2025-05-23 22:23:51.529 | INFO     | utils_logger:<module>:41 - Logging to file: logs\project_log.log
2025-05-23 22:23:51.530 | INFO     | __main__:<module>:97 - Starting CSV processing...
2025-05-23 22:23:51.532 | INFO     | __main__:process_csv_file:90 - Processed CSV file: example_data\2020_happiness.csv, Statistics saved to: example_processed\happiness_ladder_score_stats.txt
2025-05-23 22:23:51.532 | INFO     | __main__:<module>:99 - CSV processing complete.
2025-05-23 23:17:36.308 | INFO     | utils_logger:<module>:41 - Logging to file: logs\project_log.log
2025-05-23 23:17:36.308 | INFO     | __main__:main:6 - ✅ Running main function successfully!
2025-05-23 23:17:43.179 | INFO     | utils_logger:<module>:41 - Logging to file: logs\project_log.log
2025-05-23 23:17:43.179 | INFO     | __main__:<module>:72 - Starting text processing...
2025-05-23 23:17:43.181 | INFO     | __main__:process_text_file:65 - Processed text file: example_data\romeo.txt, Word count saved to: example_processed\text_romeo_word_count.txt
2025-05-23 23:17:43.181 | INFO     | __main__:<module>:74 - Text processing complete.
2025-05-23 23:17:50.846 | INFO     | utils_logger:<module>:41 - Logging to file: logs\project_log.log
2025-05-23 23:17:50.846 | INFO     | __main__:main:97 - Starting CSV fetch demonstration...
2025-05-23 23:17:50.847 | INFO     | __main__:fetch_csv_file:56 - Fetching CSV data from https://raw.githubusercontent.com/MainakRepositor/Datasets/master/World%20Happiness%20Data/2020.csv...
2025-05-23 23:17:51.008 | INFO     | __main__:write_csv_file:80 - Writing CSV data to example_data\2020_happiness.csv...
2025-05-23 23:17:51.009 | INFO     | __main__:write_csv_file:84 - SUCCESS: CSV data written to example_data\2020_happiness.csv
2025-05-23 23:17:51.010 | INFO     | __main__:fetch_csv_file:60 - SUCCESS: CSV file fetched and saved as 2020_happiness.csv
2025-05-23 23:18:07.052 | INFO     | utils_logger:<module>:41 - Logging to file: logs\project_log.log
2025-05-23 23:18:07.052 | INFO     | __main__:main:97 - Starting Excel fetch demonstration...
2025-05-23 23:18:07.053 | INFO     | __main__:fetch_excel_file:56 - Fetching Excel data from https://raw.githubusercontent.com/denisecase/datafun-03-analytics/main/hosted/Feedback.xlsx...
2025-05-23 23:18:07.189 | INFO     | __main__:write_excel_file:80 - Writing Excel data to example_data\Feedback.xlsx...
2025-05-23 23:18:07.190 | INFO     | __main__:write_excel_file:84 - SUCCESS: Excel data written to example_data\Feedback.xlsx
2025-05-23 23:18:07.191 | INFO     | __main__:fetch_excel_file:60 - SUCCESS: Excel file fetched and saved as Feedback.xlsx
2025-05-23 23:18:11.883 | INFO     | utils_logger:<module>:41 - Logging to file: logs\project_log.log
2025-05-23 23:18:11.883 | INFO     | __main__:main:98 - Starting JSON fetch demonstration...
2025-05-23 23:18:11.884 | INFO     | __main__:fetch_json_file:57 - Fetching JSON data from http://api.open-notify.org/astros.json...
2025-05-23 23:18:15.094 | INFO     | __main__:write_json_file:81 - Writing JSON data to example_data\astros.json...
2025-05-23 23:18:15.095 | INFO     | __main__:write_json_file:85 - SUCCESS: JSON data written to example_data\astros.json
2025-05-23 23:18:15.095 | INFO     | __main__:fetch_json_file:61 - SUCCESS: JSON file fetched and saved as astros.json
2025-05-23 23:18:16.116 | INFO     | utils_logger:<module>:41 - Logging to file: logs\project_log.log
2025-05-23 23:18:16.116 | INFO     | __main__:main:97 - Starting text fetch demonstration...
2025-05-23 23:18:16.116 | INFO     | __main__:fetch_txt_file:56 - Fetching text data from https://raw.githubusercontent.com/denisecase/datafun-03-analytics/main/hosted/romeo.txt...
2025-05-23 23:18:16.250 | INFO     | __main__:write_txt_file:80 - Writing data to example_data\romeo.txt...
2025-05-23 23:18:16.252 | INFO     | __main__:write_txt_file:84 - SUCCESS: Data written to example_data\romeo.txt
2025-05-23 23:18:16.253 | INFO     | __main__:fetch_txt_file:60 - SUCCESS: Text file fetched and saved as romeo.txt
2025-05-23 23:20:16.259 | INFO     | utils_logger:<module>:41 - Logging to file: logs\project_log.log
2025-05-23 23:20:16.259 | INFO     | __main__:main:97 - Starting CSV fetch demonstration...
2025-05-23 23:20:16.259 | INFO     | __main__:fetch_csv_file:56 - Fetching CSV data from https://raw.githubusercontent.com/MainakRepositor/Datasets/master/World%20Happiness%20Data/2020.csv...
2025-05-23 23:20:16.295 | INFO     | __main__:write_csv_file:80 - Writing CSV data to example_data\2020_happiness.csv...
2025-05-23 23:20:16.296 | INFO     | __main__:write_csv_file:84 - SUCCESS: CSV data written to example_data\2020_happiness.csv
2025-05-23 23:20:16.296 | INFO     | __main__:fetch_csv_file:60 - SUCCESS: CSV file fetched and saved as 2020_happiness.csv
2025-05-23 23:21:06.434 | INFO     | utils_logger:<module>:41 - Logging to file: logs\project_log.log
2025-05-23 23:21:06.434 | INFO     | __main__:<module>:97 - Starting CSV processing...
2025-05-23 23:21:06.444 | INFO     | __main__:process_csv_file:90 - Processed CSV file: example_data\2020_happiness.csv, Statistics saved to: example_processed\happiness_ladder_score_stats.txt
2025-05-23 23:21:06.444 | INFO     | __main__:<module>:99 - CSV processing complete.
2025-05-23 23:21:12.119 | INFO     | utils_logger:<module>:41 - Logging to file: logs\project_log.log
2025-05-23 23:21:12.119 | INFO     | __main__:<module>:83 - Starting Excel processing...
2025-05-23 23:21:12.133 | INFO     | __main__:process_excel_file:76 - Processed Excel file: example_data\Feedback.xlsx, Word count saved to: example_processed\excel_feedback_github_count.txt
2025-05-23 23:21:12.133 | INFO     | __main__:<module>:85 - Excel processing complete.
2025-05-23 23:21:18.815 | INFO     | utils_logger:<module>:41 - Logging to file: logs\project_log.log
2025-05-23 23:21:18.816 | INFO     | __main__:<module>:118 - Starting JSON processing...
2025-05-23 23:21:18.816 | INFO     | __main__:process_json_file:111 - Processed JSON file: example_data\astros.json, Results saved to: example_processed\json_astronauts_by_craft.txt
2025-05-23 23:21:18.816 | INFO     | __main__:<module>:120 - JSON processing complete.
2025-05-23 23:21:24.512 | INFO     | utils_logger:<module>:41 - Logging to file: logs\project_log.log
2025-05-23 23:21:24.512 | INFO     | __main__:<module>:72 - Starting text processing...
2025-05-23 23:21:24.514 | INFO     | __main__:process_text_file:65 - Processed text file: example_data\romeo.txt, Word count saved to: example_processed\text_romeo_word_count.txt
2025-05-23 23:21:24.514 | INFO     | __main__:<module>:74 - Text processing complete.
2025-05-23 23:21:38.237 | INFO     | utils_logger:<module>:41 - Logging to file: logs\project_log.log
2025-05-23 23:21:38.237 | INFO     | __main__:main:6 - ✅ Running main function successfully!
2025-05-23 23:21:45.624 | INFO     | __main__:<module>:41 - Logging to file: logs\project_log.log
2025-05-23 23:21:45.624 | INFO     | __main__:main:63 - STARTING utils_logger.py
2025-05-23 23:21:45.624 | INFO     | __main__:log_example:54 - This is an example info message.
2025-05-23 23:21:45.624 | WARNING  | __main__:log_example:55 - This is an example warning message.
2025-05-23 23:21:45.624 | ERROR    | __main__:log_example:56 - This is an example error message.
2025-05-23 23:21:45.624 | INFO     | __main__:main:68 - View the log output at logs\project_log.log
2025-05-23 23:21:45.625 | INFO     | __main__:main:69 - EXITING utils_logger.py.
2025-05-23 23:25:41.375 | INFO     | utils_logger:<module>:41 - Logging to file: logs\project_log.log
2025-05-23 23:25:41.376 | INFO     | __main__:<module>:97 - Starting CSV processing...
2025-05-23 23:25:41.378 | INFO     | __main__:process_csv_file:90 - Processed CSV file: example_data\2020_happiness.csv, Statistics saved to: example_processed\happiness_ladder_score_stats.txt
2025-05-23 23:25:41.378 | INFO     | __main__:<module>:99 - CSV processing complete.
2025-05-23 23:25:42.266 | INFO     | utils_logger:<module>:41 - Logging to file: logs\project_log.log
2025-05-23 23:25:42.266 | INFO     | __main__:<module>:83 - Starting Excel processing...
2025-05-23 23:25:42.280 | INFO     | __main__:process_excel_file:76 - Processed Excel file: example_data\Feedback.xlsx, Word count saved to: example_processed\excel_feedback_github_count.txt
2025-05-23 23:25:42.281 | INFO     | __main__:<module>:85 - Excel processing complete.
2025-05-23 23:25:42.508 | INFO     | utils_logger:<module>:41 - Logging to file: logs\project_log.log
2025-05-23 23:25:42.508 | INFO     | __main__:<module>:118 - Starting JSON processing...
2025-05-23 23:25:42.509 | INFO     | __main__:process_json_file:111 - Processed JSON file: example_data\astros.json, Results saved to: example_processed\json_astronauts_by_craft.txt
2025-05-23 23:25:42.509 | INFO     | __main__:<module>:120 - JSON processing complete.
2025-05-23 23:25:42.709 | INFO     | utils_logger:<module>:41 - Logging to file: logs\project_log.log
2025-05-23 23:25:42.709 | INFO     | __main__:<module>:72 - Starting text processing...
2025-05-23 23:25:42.711 | INFO     | __main__:process_text_file:65 - Processed text file: example_data\romeo.txt, Word count saved to: example_processed\text_romeo_word_count.txt
2025-05-23 23:25:42.711 | INFO     | __main__:<module>:74 - Text processing complete.
2025-05-23 23:27:18.510 | INFO     | utils_logger:<module>:41 - Logging to file: logs\project_log.log
2025-05-23 23:27:18.510 | INFO     | __main__:main:97 - Starting CSV fetch demonstration...
2025-05-23 23:27:18.510 | INFO     | __main__:fetch_csv_file:56 - Fetching CSV data from https://raw.githubusercontent.com/MainakRepositor/Datasets/master/World%20Happiness%20Data/2020.csv...
2025-05-23 23:27:18.613 | INFO     | __main__:write_csv_file:80 - Writing CSV data to example_data\2020_happiness.csv...
2025-05-23 23:27:18.614 | INFO     | __main__:write_csv_file:84 - SUCCESS: CSV data written to example_data\2020_happiness.csv
2025-05-23 23:27:18.615 | INFO     | __main__:fetch_csv_file:60 - SUCCESS: CSV file fetched and saved as 2020_happiness.csv
2025-05-23 23:27:24.405 | INFO     | utils_logger:<module>:41 - Logging to file: logs\project_log.log
2025-05-23 23:27:24.405 | INFO     | __main__:<module>:97 - Starting CSV processing...
2025-05-23 23:27:24.415 | INFO     | __main__:process_csv_file:90 - Processed CSV file: example_data\2020_happiness.csv, Statistics saved to: example_processed\happiness_ladder_score_stats.txt
2025-05-23 23:27:24.416 | INFO     | __main__:<module>:99 - CSV processing complete.
2025-05-23 23:31:20.468 | INFO     | utils_logger:<module>:41 - Logging to file: logs\project_log.log
2025-05-23 23:31:20.469 | INFO     | __main__:<module>:97 - Starting CSV processing...
2025-05-23 23:31:20.471 | INFO     | __main__:process_csv_file:90 - Processed CSV file: example_data\2020_happiness.csv, Statistics saved to: example_processed\happiness_ladder_score_stats.txt
2025-05-23 23:31:20.472 | INFO     | __main__:<module>:99 - CSV processing complete.
2025-05-23 23:31:43.687 | INFO     | utils_logger:<module>:41 - Logging to file: logs\project_log.log
2025-05-23 23:31:43.687 | INFO     | __main__:<module>:117 - Starting CSV processing...
2025-05-23 23:31:43.689 | INFO     | __main__:process_csv_file:90 - Processed CSV file: example_data\2020_happiness.csv, Statistics saved to: example_processed\happiness_ladder_score_stats.txt
2025-05-23 23:31:43.690 | INFO     | __main__:<module>:119 - CSV processing complete.
2025-05-23 23:31:43.691 | INFO     | __main__:write_top_scores_chart:108 - SUCCESS: Bar chart written to example_processed\happiness_ladder_score_chart.txt
2025-05-23 23:33:55.242 | INFO     | utils_logger:<module>:41 - Logging to file: logs\project_log.log
2025-05-23 23:33:55.242 | INFO     | __main__:<module>:83 - Starting Excel processing...
2025-05-23 23:33:55.258 | INFO     | __main__:process_excel_file:76 - Processed Excel file: example_data\Feedback.xlsx, Word count saved to: example_processed\excel_feedback_github_count.txt
2025-05-23 23:33:55.258 | INFO     | __main__:<module>:85 - Excel processing complete.
2025-05-23 23:35:26.996 | INFO     | utils_logger:<module>:41 - Logging to file: logs\project_log.log
2025-05-23 23:35:26.996 | INFO     | __main__:<module>:83 - Starting Excel processing...
2025-05-23 23:35:27.008 | INFO     | __main__:process_excel_file:76 - Processed Excel file: example_data\Feedback.xlsx, Word count saved to: example_processed\excel_feedback_github_count.txt
2025-05-23 23:35:27.009 | INFO     | __main__:<module>:85 - Excel processing complete.
2025-05-23 23:36:36.207 | INFO     | utils_logger:<module>:41 - Logging to file: logs\project_log.log
2025-05-23 23:36:36.207 | INFO     | __main__:<module>:83 - Starting Excel processing...
2025-05-23 23:36:36.222 | INFO     | __main__:process_excel_file:76 - Processed Excel file: example_data\Feedback.xlsx, Word count saved to: example_processed\excel_feedback_github_count.txt
2025-05-23 23:36:36.222 | INFO     | __main__:<module>:85 - Excel processing complete.
